#
# A fatal error has been detected by the Java Runtime Environment:
#
#  Internal Error (javaClasses.cpp:124), pid=3615, tid=139736616572672
#  fatal error: Invalid layout of preloaded class
#
# JRE version:  (8.0_05-b13) (build )
# Java VM: Java HotSpot(TM) 64-Bit Server VM (25.5-b02 mixed mode linux-amd64 compressed oops)
# Failed to write core dump. Core dumps have been disabled. To enable core dumping, try "ulimit -c unlimited" before starting Java again
#
# If you would like to submit a bug report, please visit:
#   http://bugreport.sun.com/bugreport/crash.jsp
#

---------------  T H R E A D  ---------------

Current thread (0x00007f16f000a000):  JavaThread "Unknown thread" [_thread_in_vm, id=3621, stack(0x00007f16f7549000,0x00007f16f764a000)]

Stack: [0x00007f16f7549000,0x00007f16f764a000],  sp=0x00007f16f7648810,  free space=1022k
Native frames: (J=compiled Java code, j=interpreted, Vv=VM code, C=native code)
V  [libjvm.so+0xa2f43a]  VMError::report_and_die()+0x2ca
V  [libjvm.so+0x4b2809]  report_fatal(char const*, int, char const*)+0x59
V  [libjvm.so+0x63016c]  compute_offset(int&, Klass*, Symbol*, Symbol*, bool)+0x20c
V  [libjvm.so+0x630f19]  java_lang_String::compute_offsets()+0x39
V  [libjvm.so+0x9aeb46]  SystemDictionary::initialize_preloaded_classes(Thread*)+0x86
V  [libjvm.so+0x9fc79c]  Universe::genesis(Thread*)+0x3cc
V  [libjvm.so+0x9fca4c]  universe2_init()+0x2c
V  [libjvm.so+0x5d461d]  init_globals()+0xbd
V  [libjvm.so+0x9e44ad]  Threads::create_vm(JavaVMInitArgs*, bool*)+0x24d
V  [libjvm.so+0x6659f4]  JNI_CreateJavaVM+0x74
C  [libjli.so+0x703e]  JavaMain+0x9e


---------------  P R O C E S S  ---------------

Java Threads: ( => current thread )

Other Threads:

=>0x00007f16f000a000 (exited) JavaThread "Unknown thread" [_thread_in_vm, id=3621, stack(0x00007f16f7549000,0x00007f16f764a000)]

VM state:not at safepoint (not fully initialized)

VM Mutex/Monitor currently owned by a thread: None

GC Heap History (0 events):
No events

Deoptimization events (0 events):
No events

Internal exceptions (0 events):
No events

Events (10 events):
Event: 0.117 loading class java/lang/CharSequence done
Event: 0.117 loading class java/lang/String done
Event: 0.118 loading class java/lang/Class
Event: 0.118 loading class java/lang/reflect/AnnotatedElement
Event: 0.118 loading class java/lang/reflect/AnnotatedElement done
Event: 0.118 loading class java/lang/reflect/GenericDeclaration
Event: 0.118 loading class java/lang/reflect/GenericDeclaration done
Event: 0.118 loading class java/lang/reflect/Type
Event: 0.118 loading class java/lang/reflect/Type done
Event: 0.118 loading class java/lang/Class done


Dynamic libraries:
00400000-00401000 r-xp 00000000 08:01 140010                             /usr/lib/jvm/java-8-oracle/bin/java
00600000-00601000 rw-p 00000000 08:01 140010                             /usr/lib/jvm/java-8-oracle/bin/java
00b36000-00b57000 rw-p 00000000 00:00 0                                  [heap]
c2400000-c6080000 rw-p 00000000 00:00 0 
c6080000-eb700000 ---p 00000000 00:00 0 
eb700000-eb880000 rw-p 00000000 00:00 0 
eb880000-100000000 ---p 00000000 00:00 0 
100000000-100060000 rw-p 00000000 00:00 0 
100060000-140000000 ---p 00000000 00:00 0 
7f16cfe12000-7f16d0000000 rw-p 00000000 00:00 0 
7f16d0000000-7f16d0021000 rw-p 00000000 00:00 0 
7f16d0021000-7f16d4000000 ---p 00000000 00:00 0 
7f16d8000000-7f16d8021000 rw-p 00000000 00:00 0 
7f16d8021000-7f16dc000000 ---p 00000000 00:00 0 
7f16de3c0000-7f16de628000 rw-p 00000000 00:00 0 
7f16de628000-7f16de71e000 r--s 017aa000 08:01 12320936                   /home/cledbetter/android-sdks/platforms/android-21/android.jar
7f16de71e000-7f16deb1e000 rw-p 00000000 00:00 0 
7f16deb1e000-7f16def1e000 ---p 00000000 00:00 0 
7f16def1e000-7f16e0dfe000 rw-p 00000000 00:00 0 
7f16e0dfe000-7f16e0dff000 ---p 00000000 00:00 0 
7f16e0dff000-7f16e0eff000 rw-p 00000000 00:00 0                          [stack:3623]
7f16e0eff000-7f16e0f00000 ---p 00000000 00:00 0 
7f16e0f00000-7f16e1000000 rw-p 00000000 00:00 0                          [stack:3622]
7f16e1000000-7f16e1270000 rwxp 00000000 00:00 0 
7f16e1270000-7f16f0000000 ---p 00000000 00:00 0 
7f16f0000000-7f16f004e000 rw-p 00000000 00:00 0 
7f16f004e000-7f16f4000000 ---p 00000000 00:00 0 
7f16f4022000-7f16f40b7000 rw-p 00000000 00:00 0 
7f16f40b7000-7f16f41e2000 ---p 00000000 00:00 0 
7f16f41e2000-7f16f4201000 rw-p 00000000 00:00 0 
7f16f4201000-7f16f432b000 ---p 00000000 00:00 0 
7f16f432b000-7f16f432d000 rw-p 00000000 00:00 0 
7f16f432d000-7f16f43d0000 ---p 00000000 00:00 0 
7f16f43d0000-7f16f43db000 rw-p 00000000 00:00 0 
7f16f43db000-7f16f4791000 ---p 00000000 00:00 0 
7f16f4791000-7f16f47ad000 r-xp 00000000 08:01 140104                     /usr/lib/jvm/java-8-oracle/jre/lib/amd64/libzip.so
7f16f47ad000-7f16f49ac000 ---p 0001c000 08:01 140104                     /usr/lib/jvm/java-8-oracle/jre/lib/amd64/libzip.so
7f16f49ac000-7f16f49ad000 rw-p 0001b000 08:01 140104                     /usr/lib/jvm/java-8-oracle/jre/lib/amd64/libzip.so
7f16f49ad000-7f16f49b8000 r-xp 00000000 08:01 14689573                   /lib/x86_64-linux-gnu/libnss_files-2.19.so
7f16f49b8000-7f16f4bb7000 ---p 0000b000 08:01 14689573                   /lib/x86_64-linux-gnu/libnss_files-2.19.so
7f16f4bb7000-7f16f4bb8000 r--p 0000a000 08:01 14689573                   /lib/x86_64-linux-gnu/libnss_files-2.19.so
7f16f4bb8000-7f16f4bb9000 rw-p 0000b000 08:01 14689573                   /lib/x86_64-linux-gnu/libnss_files-2.19.so
7f16f4bb9000-7f16f4bc4000 r-xp 00000000 08:01 14689593                   /lib/x86_64-linux-gnu/libnss_nis-2.19.so
7f16f4bc4000-7f16f4dc3000 ---p 0000b000 08:01 14689593                   /lib/x86_64-linux-gnu/libnss_nis-2.19.so
7f16f4dc3000-7f16f4dc4000 r--p 0000a000 08:01 14689593                   /lib/x86_64-linux-gnu/libnss_nis-2.19.so
7f16f4dc4000-7f16f4dc5000 rw-p 0000b000 08:01 14689593                   /lib/x86_64-linux-gnu/libnss_nis-2.19.so
7f16f4dc5000-7f16f4ddc000 r-xp 00000000 08:01 14689582                   /lib/x86_64-linux-gnu/libnsl-2.19.so
7f16f4ddc000-7f16f4fdb000 ---p 00017000 08:01 14689582                   /lib/x86_64-linux-gnu/libnsl-2.19.so
7f16f4fdb000-7f16f4fdc000 r--p 00016000 08:01 14689582                   /lib/x86_64-linux-gnu/libnsl-2.19.so
7f16f4fdc000-7f16f4fdd000 rw-p 00017000 08:01 14689582                   /lib/x86_64-linux-gnu/libnsl-2.19.so
7f16f4fdd000-7f16f4fdf000 rw-p 00000000 00:00 0 
7f16f4fdf000-7f16f4fe8000 r-xp 00000000 08:01 14689581                   /lib/x86_64-linux-gnu/libnss_compat-2.19.so
7f16f4fe8000-7f16f51e7000 ---p 00009000 08:01 14689581                   /lib/x86_64-linux-gnu/libnss_compat-2.19.so
7f16f51e7000-7f16f51e8000 r--p 00008000 08:01 14689581                   /lib/x86_64-linux-gnu/libnss_compat-2.19.so
7f16f51e8000-7f16f51e9000 rw-p 00009000 08:01 14689581                   /lib/x86_64-linux-gnu/libnss_compat-2.19.so
7f16f51e9000-7f16f5213000 r-xp 00000000 08:01 140148                     /usr/lib/jvm/java-8-oracle/jre/lib/amd64/libjava.so
7f16f5213000-7f16f5413000 ---p 0002a000 08:01 140148                     /usr/lib/jvm/java-8-oracle/jre/lib/amd64/libjava.so
7f16f5413000-7f16f5415000 rw-p 0002a000 08:01 140148                     /usr/lib/jvm/java-8-oracle/jre/lib/amd64/libjava.so
7f16f5415000-7f16f5422000 r-xp 00000000 08:01 140113                     /usr/lib/jvm/java-8-oracle/jre/lib/amd64/libverify.so
7f16f5422000-7f16f5622000 ---p 0000d000 08:01 140113                     /usr/lib/jvm/java-8-oracle/jre/lib/amd64/libverify.so
7f16f5622000-7f16f5624000 rw-p 0000d000 08:01 140113                     /usr/lib/jvm/java-8-oracle/jre/lib/amd64/libverify.so
7f16f5624000-7f16f562b000 r-xp 00000000 08:01 14689590                   /lib/x86_64-linux-gnu/librt-2.19.so
7f16f562b000-7f16f582a000 ---p 00007000 08:01 14689590                   /lib/x86_64-linux-gnu/librt-2.19.so
7f16f582a000-7f16f582b000 r--p 00006000 08:01 14689590                   /lib/x86_64-linux-gnu/librt-2.19.so
7f16f582b000-7f16f582c000 rw-p 00007000 08:01 14689590                   /lib/x86_64-linux-gnu/librt-2.19.so
7f16f582c000-7f16f5931000 r-xp 00000000 08:01 14689572                   /lib/x86_64-linux-gnu/libm-2.19.so
7f16f5931000-7f16f5b30000 ---p 00105000 08:01 14689572                   /lib/x86_64-linux-gnu/libm-2.19.so
7f16f5b30000-7f16f5b31000 r--p 00104000 08:01 14689572                   /lib/x86_64-linux-gnu/libm-2.19.so
7f16f5b31000-7f16f5b32000 rw-p 00105000 08:01 14689572                   /lib/x86_64-linux-gnu/libm-2.19.so
7f16f5b32000-7f16f674c000 r-xp 00000000 08:01 140129                     /usr/lib/jvm/java-8-oracle/jre/lib/amd64/server/libjvm.so
7f16f674c000-7f16f694b000 ---p 00c1a000 08:01 140129                     /usr/lib/jvm/java-8-oracle/jre/lib/amd64/server/libjvm.so
7f16f694b000-7f16f6a14000 rw-p 00c19000 08:01 140129                     /usr/lib/jvm/java-8-oracle/jre/lib/amd64/server/libjvm.so
7f16f6a14000-7f16f6a55000 rw-p 00000000 00:00 0 
7f16f6a55000-7f16f6c10000 r-xp 00000000 08:01 14689587                   /lib/x86_64-linux-gnu/libc-2.19.so
7f16f6c10000-7f16f6e0f000 ---p 001bb000 08:01 14689587                   /lib/x86_64-linux-gnu/libc-2.19.so
7f16f6e0f000-7f16f6e13000 r--p 001ba000 08:01 14689587                   /lib/x86_64-linux-gnu/libc-2.19.so
7f16f6e13000-7f16f6e15000 rw-p 001be000 08:01 14689587                   /lib/x86_64-linux-gnu/libc-2.19.so
7f16f6e15000-7f16f6e1a000 rw-p 00000000 00:00 0 
7f16f6e1a000-7f16f6e1d000 r-xp 00000000 08:01 14689576                   /lib/x86_64-linux-gnu/libdl-2.19.so
7f16f6e1d000-7f16f701c000 ---p 00003000 08:01 14689576                   /lib/x86_64-linux-gnu/libdl-2.19.so
7f16f701c000-7f16f701d000 r--p 00002000 08:01 14689576                   /lib/x86_64-linux-gnu/libdl-2.19.so
7f16f701d000-7f16f701e000 rw-p 00003000 08:01 14689576                   /lib/x86_64-linux-gnu/libdl-2.19.so
7f16f701e000-7f16f7035000 r-xp 00000000 08:01 18094470                   /usr/lib/jvm/java-8-oracle/lib/amd64/jli/libjli.so
7f16f7035000-7f16f7234000 ---p 00017000 08:01 18094470                   /usr/lib/jvm/java-8-oracle/lib/amd64/jli/libjli.so
7f16f7234000-7f16f7235000 rw-p 00016000 08:01 18094470                   /usr/lib/jvm/java-8-oracle/lib/amd64/jli/libjli.so
7f16f7235000-7f16f724e000 r-xp 00000000 08:01 14689588                   /lib/x86_64-linux-gnu/libpthread-2.19.so
7f16f724e000-7f16f744d000 ---p 00019000 08:01 14689588                   /lib/x86_64-linux-gnu/libpthread-2.19.so
7f16f744d000-7f16f744e000 r--p 00018000 08:01 14689588                   /lib/x86_64-linux-gnu/libpthread-2.19.so
7f16f744e000-7f16f744f000 rw-p 00019000 08:01 14689588                   /lib/x86_64-linux-gnu/libpthread-2.19.so
7f16f744f000-7f16f7453000 rw-p 00000000 00:00 0 
7f16f7453000-7f16f7476000 r-xp 00000000 08:01 14689584                   /lib/x86_64-linux-gnu/ld-2.19.so
7f16f749b000-7f16f7549000 rw-p 00000000 00:00 0 
7f16f7549000-7f16f754c000 ---p 00000000 00:00 0 
7f16f754c000-7f16f764e000 rw-p 00000000 00:00 0                          [stack:3621]
7f16f7653000-7f16f7669000 rw-p 00000000 00:00 0 
7f16f7669000-7f16f7671000 rw-s 00000000 08:01 16515535                   /tmp/hsperfdata_cledbetter/3615
7f16f7671000-7f16f7672000 rw-p 00000000 00:00 0 
7f16f7672000-7f16f7673000 r--p 00000000 00:00 0 
7f16f7673000-7f16f7675000 rw-p 00000000 00:00 0 
7f16f7675000-7f16f7676000 r--p 00022000 08:01 14689584                   /lib/x86_64-linux-gnu/ld-2.19.so
7f16f7676000-7f16f7677000 rw-p 00023000 08:01 14689584                   /lib/x86_64-linux-gnu/ld-2.19.so
7f16f7677000-7f16f7678000 rw-p 00000000 00:00 0 
7fff6fb14000-7fff6fb35000 rw-p 00000000 00:00 0                          [stack]
7fff6fbb6000-7fff6fbb8000 r-xp 00000000 00:00 0                          [vdso]
ffffffffff600000-ffffffffff601000 r-xp 00000000 00:00 0                  [vsyscall]

VM Arguments:
jvm_args: -Dfile.encoding=UTF-8 -Xbootclasspath:/home/cledbetter/android-sdks/platforms/android-21/android.jar 
java_command: org.eclipse.jdt.internal.junit.runner.RemoteTestRunner -version 3 -port 47422 -testLoaderClass org.eclipse.jdt.internal.junit4.runner.JUnit4TestLoader -loaderpluginname org.eclipse.jdt.junit4.runtime -classNames edu.bsu.cs222.enums.DirectionTest
java_class_path (initial): /home/cledbetter/git/RobotTurtlesApp/bin/classes:/home/cledbetter/workspaces/EclipseLuna/appcompat_v7/libs/android-support-v4.jar:/home/cledbetter/workspaces/EclipseLuna/appcompat_v7/libs/android-support-v7-appcompat.jar:/home/cledbetter/workspaces/EclipseLuna/appcompat_v7/bin/appcompat_v7.jar:/home/cledbetter/git/RobotTurtlesApp/lib/guava-18.0.jar:/home/cledbetter/apps/eclipse-luna/plugins/org.junit_4.11.0.v201303080030/junit.jar:/home/cledbetter/apps/eclipse-luna/plugins/org.hamcrest.core_1.3.0.v201303031735.jar:/home/cledbetter/apps/eclipse-luna/configuration/org.eclipse.osgi/168/0/.cp/:/home/cledbetter/apps/eclipse-luna/configuration/org.eclipse.osgi/167/0/.cp/
Launcher Type: SUN_STANDARD

Environment Variables:
PATH=/usr/local/sbin:/usr/local/bin:/usr/sbin:/usr/bin:/sbin:/bin:/usr/games:/usr/local/games
SHELL=/bin/bash
DISPLAY=:0

Signal Handlers:
SIGSEGV: [libjvm.so+0xa2fc90], sa_mask[0]=0x7ffbfeff, sa_flags=0x10000004
SIGBUS: [libjvm.so+0xa2fc90], sa_mask[0]=0x7ffbfeff, sa_flags=0x10000004
SIGFPE: [libjvm.so+0x89b4b0], sa_mask[0]=0x7ffbfeff, sa_flags=0x10000004
SIGPIPE: [libjvm.so+0x89b4b0], sa_mask[0]=0x7ffbfeff, sa_flags=0x10000004
SIGXFSZ: [libjvm.so+0x89b4b0], sa_mask[0]=0x7ffbfeff, sa_flags=0x10000004
SIGILL: [libjvm.so+0x89b4b0], sa_mask[0]=0x7ffbfeff, sa_flags=0x10000004
SIGUSR1: SIG_DFL, sa_mask[0]=0x00000000, sa_flags=0x00000000
SIGUSR2: [libjvm.so+0x89cc50], sa_mask[0]=0x00000004, sa_flags=0x10000004
SIGHUP: SIG_DFL, sa_mask[0]=0x00000000, sa_flags=0x00000000
SIGINT: SIG_DFL, sa_mask[0]=0x00000000, sa_flags=0x00000000
SIGTERM: SIG_DFL, sa_mask[0]=0x00000000, sa_flags=0x00000000
SIGQUIT: SIG_DFL, sa_mask[0]=0x00000000, sa_flags=0x00000000


---------------  S Y S T E M  ---------------

OS:DISTRIB_ID=Ubuntu
DISTRIB_RELEASE=14.04
DISTRIB_CODENAME=trusty
DISTRIB_DESCRIPTION="Ubuntu 14.04.2 LTS"

uname:Linux 3.13.0-49-generic #81-Ubuntu SMP Tue Mar 24 19:29:48 UTC 2015 x86_64
libc:glibc 2.19 NPTL 2.19 
rlimit: STACK 8192k, CORE 0k, NPROC 31391, NOFILE 4096, AS infinity
load average:0.85 1.46 1.40

/proc/meminfo:
MemTotal:        4039788 kB
MemFree:          152112 kB
Buffers:           24292 kB
Cached:           558632 kB
SwapCached:        21636 kB
Active:          2503992 kB
Inactive:        1120948 kB
Active(anon):    2337244 kB
Inactive(anon):   956428 kB
Active(file):     166748 kB
Inactive(file):   164520 kB
Unevictable:        4928 kB
Mlocked:            4928 kB
SwapTotal:       4184060 kB
SwapFree:        3810104 kB
Dirty:               608 kB
Writeback:             0 kB
AnonPages:       3031796 kB
Mapped:           155404 kB
Shmem:            251448 kB
Slab:             140556 kB
SReclaimable:     105340 kB
SUnreclaim:        35216 kB
KernelStack:        5288 kB
PageTables:        58220 kB
NFS_Unstable:          0 kB
Bounce:                0 kB
WritebackTmp:          0 kB
CommitLimit:     6203952 kB
Committed_AS:    9221760 kB
VmallocTotal:   34359738367 kB
VmallocUsed:      352968 kB
VmallocChunk:   34359339256 kB
HardwareCorrupted:     0 kB
AnonHugePages:    403456 kB
HugePages_Total:       0
HugePages_Free:        0
HugePages_Rsvd:        0
HugePages_Surp:        0
Hugepagesize:       2048 kB
DirectMap4k:       71360 kB
DirectMap2M:     4114432 kB


CPU:total 2 (2 cores per cpu, 1 threads per core) family 6 model 23 stepping 6, cmov, cx8, fxsr, mmx, sse, sse2, sse3, ssse3, sse4.1, tsc

/proc/cpuinfo:
processor	: 0
vendor_id	: GenuineIntel
cpu family	: 6
model		: 23
model name	: Intel(R) Core(TM)2 Duo CPU     T9300  @ 2.50GHz
stepping	: 6
microcode	: 0x60f
cpu MHz		: 800.000
cache size	: 6144 KB
physical id	: 0
siblings	: 2
core id		: 0
cpu cores	: 2
apicid		: 0
initial apicid	: 0
fpu		: yes
fpu_exception	: yes
cpuid level	: 10
wp		: yes
flags		: fpu vme de pse tsc msr pae mce cx8 apic sep mtrr pge mca cmov pat pse36 clflush dts acpi mmx fxsr sse sse2 ss ht tm pbe syscall nx lm constant_tsc arch_perfmon pebs bts rep_good nopl aperfmperf pni dtes64 monitor ds_cpl vmx est tm2 ssse3 cx16 xtpr pdcm sse4_1 lahf_lm dtherm tpr_shadow vnmi flexpriority
bogomips	: 4987.58
clflush size	: 64
cache_alignment	: 64
address sizes	: 36 bits physical, 48 bits virtual
power management:

processor	: 1
vendor_id	: GenuineIntel
cpu family	: 6
model		: 23
model name	: Intel(R) Core(TM)2 Duo CPU     T9300  @ 2.50GHz
stepping	: 6
microcode	: 0x60f
cpu MHz		: 2500.000
cache size	: 6144 KB
physical id	: 0
siblings	: 2
core id		: 1
cpu cores	: 2
apicid		: 1
initial apicid	: 1
fpu		: yes
fpu_exception	: yes
cpuid level	: 10
wp		: yes
flags		: fpu vme de pse tsc msr pae mce cx8 apic sep mtrr pge mca cmov pat pse36 clflush dts acpi mmx fxsr sse sse2 ss ht tm pbe syscall nx lm constant_tsc arch_perfmon pebs bts rep_good nopl aperfmperf pni dtes64 monitor ds_cpl vmx est tm2 ssse3 cx16 xtpr pdcm sse4_1 lahf_lm dtherm tpr_shadow vnmi flexpriority
bogomips	: 4987.58
clflush size	: 64
cache_alignment	: 64
address sizes	: 36 bits physical, 48 bits virtual
power management:



Memory: 4k page, physical 4039788k(152112k free), swap 4184060k(3810104k free)

vm_info: Java HotSpot(TM) 64-Bit Server VM (25.5-b02) for linux-amd64 JRE (1.8.0_05-b13), built on Mar 18 2014 00:29:27 by "java_re" with gcc 4.3.0 20080428 (Red Hat 4.3.0-8)

time: Mon Apr 13 17:37:40 2015
elapsed time: 0 seconds

